This file contains any messages produced by compilers while
running configure, to aid debugging if configure makes a mistake.

It was created by c_icap_modules configure 0.4.3, which was
generated by GNU Autoconf 2.63.  Invocation command line was

  $ ./configure --with-c-icap=/usr/local/c-icap --prefix=/usr/local/c-icap

## --------- ##
## Platform. ##
## --------- ##

hostname = centos
uname -m = x86_64
uname -r = 2.6.32-642.el6.x86_64
uname -s = Linux
uname -v = #1 SMP Tue May 10 17:27:01 UTC 2016

/usr/bin/uname -p = unknown
/bin/uname -X     = unknown

/bin/arch              = x86_64
/usr/bin/arch -k       = unknown
/usr/convex/getsysinfo = unknown
/usr/bin/hostinfo      = unknown
/bin/machine           = unknown
/usr/bin/oslevel       = unknown
/bin/universe          = unknown

PATH: /home/jaygong/bin
PATH: /usr/local/bin
PATH: /usr/lib64/qt-3.3/bin
PATH: /usr/local/bin
PATH: /bin
PATH: /usr/bin
PATH: /home/jaygong/bin
PATH: /usr/local/sbin
PATH: /usr/sbin
PATH: /sbin


## ----------- ##
## Core tests. ##
## ----------- ##

configure:2061: checking whether to enable maintainer-specific portions of Makefiles
configure:2070: result: no
configure:2133: checking for a BSD-compatible install
configure:2201: result: /usr/bin/install -c
configure:2212: checking whether build environment is sane
configure:2272: result: yes
configure:2413: checking for a thread-safe mkdir -p
configure:2452: result: /bin/mkdir -p
configure:2465: checking for gawk
configure:2481: found /bin/gawk
configure:2492: result: gawk
configure:2503: checking whether make sets $(MAKE)
configure:2525: result: yes
configure:2656: checking for gcc
configure:2672: found /usr/local/bin/gcc
configure:2683: result: gcc
configure:2915: checking for C compiler version
configure:2923: gcc --version >&5
gcc (GCC) 5.4.0
Copyright (C) 2015 Free Software Foundation, Inc.
This is free software; see the source for copying conditions.  There is NO
warranty; not even for MERCHANTABILITY or FITNESS FOR A PARTICULAR PURPOSE.

configure:2927: $? = 0
configure:2934: gcc -v >&5
Using built-in specs.
COLLECT_GCC=gcc
COLLECT_LTO_WRAPPER=/usr/local/libexec/gcc/x86_64-unknown-linux-gnu/5.4.0/lto-wrapper
Target: x86_64-unknown-linux-gnu
Configured with: ../gcc_5_4_0_release/configure
Thread model: posix
gcc version 5.4.0 (GCC) 
configure:2938: $? = 0
configure:2945: gcc -V >&5
gcc: error: unrecognized command line option '-V'
gcc: fatal error: no input files
compilation terminated.
configure:2949: $? = 1
configure:2972: checking for C compiler default output file name
configure:2994: gcc    conftest.c  >&5
configure:2998: $? = 0
configure:3036: result: a.out
configure:3055: checking whether the C compiler works
configure:3065: ./a.out
configure:3069: $? = 0
configure:3088: result: yes
configure:3095: checking whether we are cross compiling
configure:3097: result: no
configure:3100: checking for suffix of executables
configure:3107: gcc -o conftest    conftest.c  >&5
configure:3111: $? = 0
configure:3137: result: 
configure:3143: checking for suffix of object files
configure:3169: gcc -c   conftest.c >&5
configure:3173: $? = 0
configure:3198: result: o
configure:3202: checking whether we are using the GNU C compiler
configure:3231: gcc -c   conftest.c >&5
configure:3238: $? = 0
configure:3255: result: yes
configure:3264: checking whether gcc accepts -g
configure:3294: gcc -c -g  conftest.c >&5
configure:3301: $? = 0
configure:3402: result: yes
configure:3419: checking for gcc option to accept ISO C89
configure:3493: gcc  -c -g -O2  conftest.c >&5
configure:3500: $? = 0
configure:3523: result: none needed
configure:3552: checking for style of include used by make
configure:3580: result: GNU
configure:3605: checking dependency style of gcc
configure:3715: result: gcc3
configure:3731: checking whether gcc and cc understand -c and -o together
configure:3766: gcc -c conftest.c -o conftest2.o >&5
configure:3770: $? = 0
configure:3776: gcc -c conftest.c -o conftest2.o >&5
configure:3780: $? = 0
configure:3791: cc -c conftest.c >&5
configure:3795: $? = 0
configure:3803: cc -c conftest.c -o conftest2.o >&5
configure:3807: $? = 0
configure:3813: cc -c conftest.c -o conftest2.o >&5
configure:3817: $? = 0
configure:3835: result: yes
configure:3868: checking how to run the C preprocessor
configure:3908: gcc -E  conftest.c
configure:3915: $? = 0
configure:3946: gcc -E  conftest.c
conftest.c:10:28: fatal error: ac_nonexistent.h: No such file or directory
compilation terminated.
configure:3953: $? = 1
configure: failed program was:
| /* confdefs.h.  */
| #define PACKAGE_NAME "c_icap_modules"
| #define PACKAGE_TARNAME "c_icap_modules"
| #define PACKAGE_VERSION "0.4.3"
| #define PACKAGE_STRING "c_icap_modules 0.4.3"
| #define PACKAGE_BUGREPORT ""
| #define PACKAGE "c_icap_modules"
| #define VERSION "0.4.3"
| /* end confdefs.h.  */
| #include <ac_nonexistent.h>
configure:3986: result: gcc -E
configure:4015: gcc -E  conftest.c
configure:4022: $? = 0
configure:4053: gcc -E  conftest.c
conftest.c:10:28: fatal error: ac_nonexistent.h: No such file or directory
compilation terminated.
configure:4060: $? = 1
configure: failed program was:
| /* confdefs.h.  */
| #define PACKAGE_NAME "c_icap_modules"
| #define PACKAGE_TARNAME "c_icap_modules"
| #define PACKAGE_VERSION "0.4.3"
| #define PACKAGE_STRING "c_icap_modules 0.4.3"
| #define PACKAGE_BUGREPORT ""
| #define PACKAGE "c_icap_modules"
| #define VERSION "0.4.3"
| /* end confdefs.h.  */
| #include <ac_nonexistent.h>
configure:4100: checking for grep that handles long lines and -e
configure:4160: result: /bin/grep
configure:4165: checking for egrep
configure:4229: result: /bin/grep -E
configure:4234: checking for ANSI C header files
configure:4264: gcc -c -g -O2  conftest.c >&5
configure:4271: $? = 0
configure:4370: gcc -o conftest -g -O2   conftest.c  >&5
configure:4374: $? = 0
configure:4380: ./conftest
configure:4384: $? = 0
configure:4402: result: yes
configure:4426: checking for sys/types.h
configure:4447: gcc -c -g -O2  conftest.c >&5
configure:4454: $? = 0
configure:4471: result: yes
configure:4426: checking for sys/stat.h
configure:4447: gcc -c -g -O2  conftest.c >&5
configure:4454: $? = 0
configure:4471: result: yes
configure:4426: checking for stdlib.h
configure:4447: gcc -c -g -O2  conftest.c >&5
configure:4454: $? = 0
configure:4471: result: yes
configure:4426: checking for string.h
configure:4447: gcc -c -g -O2  conftest.c >&5
configure:4454: $? = 0
configure:4471: result: yes
configure:4426: checking for memory.h
configure:4447: gcc -c -g -O2  conftest.c >&5
configure:4454: $? = 0
configure:4471: result: yes
configure:4426: checking for strings.h
configure:4447: gcc -c -g -O2  conftest.c >&5
configure:4454: $? = 0
configure:4471: result: yes
configure:4426: checking for inttypes.h
configure:4447: gcc -c -g -O2  conftest.c >&5
configure:4454: $? = 0
configure:4471: result: yes
configure:4426: checking for stdint.h
configure:4447: gcc -c -g -O2  conftest.c >&5
configure:4454: $? = 0
configure:4471: result: yes
configure:4426: checking for unistd.h
configure:4447: gcc -c -g -O2  conftest.c >&5
configure:4454: $? = 0
configure:4471: result: yes
configure:4486: checking whether byte ordering is bigendian
configure:4511: gcc -c -g -O2  conftest.c >&5
conftest.c:21:9: error: unknown type name 'not'
         not a universal capable compiler
         ^
conftest.c:21:15: error: expected '=', ',', ';', 'asm' or '__attribute__' before 'universal'
         not a universal capable compiler
               ^
conftest.c:21:15: error: unknown type name 'universal'
configure:4518: $? = 1
configure: failed program was:
| /* confdefs.h.  */
| #define PACKAGE_NAME "c_icap_modules"
| #define PACKAGE_TARNAME "c_icap_modules"
| #define PACKAGE_VERSION "0.4.3"
| #define PACKAGE_STRING "c_icap_modules 0.4.3"
| #define PACKAGE_BUGREPORT ""
| #define PACKAGE "c_icap_modules"
| #define VERSION "0.4.3"
| #define STDC_HEADERS 1
| #define HAVE_SYS_TYPES_H 1
| #define HAVE_SYS_STAT_H 1
| #define HAVE_STDLIB_H 1
| #define HAVE_STRING_H 1
| #define HAVE_MEMORY_H 1
| #define HAVE_STRINGS_H 1
| #define HAVE_INTTYPES_H 1
| #define HAVE_STDINT_H 1
| #define HAVE_UNISTD_H 1
| /* end confdefs.h.  */
| #ifndef __APPLE_CC__
| 	       not a universal capable compiler
| 	     #endif
| 	     typedef int dummy;
| 
configure:4568: gcc -c -g -O2  conftest.c >&5
configure:4575: $? = 0
configure:4607: gcc -c -g -O2  conftest.c >&5
conftest.c: In function 'main':
conftest.c:27:4: error: unknown type name 'not'
    not big endian
    ^
conftest.c:27:12: error: expected '=', ',', ';', 'asm' or '__attribute__' before 'endian'
    not big endian
            ^
configure:4614: $? = 1
configure: failed program was:
| /* confdefs.h.  */
| #define PACKAGE_NAME "c_icap_modules"
| #define PACKAGE_TARNAME "c_icap_modules"
| #define PACKAGE_VERSION "0.4.3"
| #define PACKAGE_STRING "c_icap_modules 0.4.3"
| #define PACKAGE_BUGREPORT ""
| #define PACKAGE "c_icap_modules"
| #define VERSION "0.4.3"
| #define STDC_HEADERS 1
| #define HAVE_SYS_TYPES_H 1
| #define HAVE_SYS_STAT_H 1
| #define HAVE_STDLIB_H 1
| #define HAVE_STRING_H 1
| #define HAVE_MEMORY_H 1
| #define HAVE_STRINGS_H 1
| #define HAVE_INTTYPES_H 1
| #define HAVE_STDINT_H 1
| #define HAVE_UNISTD_H 1
| /* end confdefs.h.  */
| #include <sys/types.h>
| 		#include <sys/param.h>
| 
| int
| main ()
| {
| #if BYTE_ORDER != BIG_ENDIAN
| 		 not big endian
| 		#endif
| 
|   ;
|   return 0;
| }
configure:4866: result: no
configure:4933: checking build system type
configure:4951: result: x86_64-unknown-linux-gnu
configure:4973: checking host system type
configure:4988: result: x86_64-unknown-linux-gnu
configure:5338: checking for a sed that does not truncate output
configure:5404: result: /bin/sed
configure:5422: checking for fgrep
configure:5486: result: /bin/grep -F
configure:5521: checking for ld used by gcc
configure:5588: result: /usr/bin/ld
configure:5597: checking if the linker (/usr/bin/ld) is GNU ld
configure:5612: result: yes
configure:5624: checking for BSD- or MS-compatible name lister (nm)
configure:5673: result: /usr/bin/nm -B
configure:5791: checking the name lister (/usr/bin/nm -B) interface
configure:5798: gcc -c -g -O2  conftest.c >&5
configure:5801: /usr/bin/nm -B "conftest.o"
configure:5804: output
0000000000000000 B some_variable
configure:5811: result: BSD nm
configure:5814: checking whether ln -s works
configure:5818: result: yes
configure:5826: checking the maximum length of command line arguments
configure:5946: result: 1966080
configure:5963: checking whether the shell understands some XSI constructs
configure:5973: result: yes
configure:5977: checking whether the shell understands "+="
configure:5983: result: yes
configure:6018: checking for /usr/bin/ld option to reload object files
configure:6025: result: -r
configure:6094: checking for objdump
configure:6121: result: objdump
configure:6150: checking how to recognize dependent libraries
configure:6346: result: pass_all
configure:6406: checking for ar
configure:6422: found /usr/bin/ar
configure:6433: result: ar
configure:6511: checking for strip
configure:6527: found /usr/bin/strip
configure:6538: result: strip
configure:6610: checking for ranlib
configure:6626: found /usr/bin/ranlib
configure:6637: result: ranlib
configure:6727: checking command to parse /usr/bin/nm -B output from gcc object
configure:6845: gcc -c -g -O2  conftest.c >&5
configure:6848: $? = 0
configure:6852: /usr/bin/nm -B conftest.o \| sed -n -e 's/^.*[	 ]\([ABCDGIRSTW][ABCDGIRSTW]*\)[	 ][	 ]*\([_A-Za-z][_A-Za-z0-9]*\)$/\1 \2 \2/p' \> conftest.nm
configure:6855: $? = 0
configure:6909: gcc -o conftest -g -O2   conftest.c conftstm.o >&5
configure:6912: $? = 0
configure:6950: result: ok
configure:7045: gcc -c -g -O2  conftest.c >&5
configure:7048: $? = 0
configure:7815: checking for dlfcn.h
configure:7836: gcc -c -g -O2  conftest.c >&5
configure:7843: $? = 0
configure:7860: result: yes
configure:8012: checking for objdir
configure:8027: result: .libs
configure:8319: checking if gcc supports -fno-rtti -fno-exceptions
configure:8337: gcc -c -g -O2  -fno-rtti -fno-exceptions conftest.c >&5
cc1: warning: command line option '-fno-rtti' is valid for C++/ObjC++ but not for C
configure:8341: $? = 0
configure:8354: result: no
configure:8374: checking for gcc option to produce PIC
configure:8646: result: -fPIC -DPIC
configure:8658: checking if gcc PIC flag -fPIC -DPIC works
configure:8676: gcc -c -g -O2  -fPIC -DPIC -DPIC conftest.c >&5
configure:8680: $? = 0
configure:8693: result: yes
configure:8717: checking if gcc static flag -static works
configure:8745: result: no
configure:8760: checking if gcc supports -c -o file.o
configure:8781: gcc -c -g -O2  -o out/conftest2.o conftest.c >&5
configure:8785: $? = 0
configure:8807: result: yes
configure:8815: checking if gcc supports -c -o file.o
configure:8862: result: yes
configure:8895: checking whether the gcc linker (/usr/bin/ld -m elf_x86_64) supports shared libraries
configure:9969: result: yes
configure:10006: checking whether -lc should be explicitly linked in
configure:10011: gcc -c -g -O2  conftest.c >&5
configure:10014: $? = 0
configure:10029: gcc -shared conftest.o  -v -Wl,-soname -Wl,conftest -o conftest 2\>\&1 \| /bin/grep  -lc  \>/dev/null 2\>\&1
configure:10032: $? = 0
configure:10044: result: no
configure:10208: checking dynamic linker characteristics
configure:10651: gcc -o conftest -g -O2   -Wl,-rpath -Wl,/foo conftest.c  >&5
configure:10658: $? = 0
configure:10894: result: GNU/Linux ld.so
configure:10996: checking how to hardcode library paths into programs
configure:11021: result: immediate
configure:11144: checking for shl_load
configure:11200: gcc -o conftest -g -O2   conftest.c  >&5
/tmp/ccVwqQJB.o: In function `main':
/home/jaygong/c_icap_modules-0.4.3/conftest.c:56: undefined reference to `shl_load'
collect2: error: ld returned 1 exit status
configure:11207: $? = 1
configure: failed program was:
| /* confdefs.h.  */
| #define PACKAGE_NAME "c_icap_modules"
| #define PACKAGE_TARNAME "c_icap_modules"
| #define PACKAGE_VERSION "0.4.3"
| #define PACKAGE_STRING "c_icap_modules 0.4.3"
| #define PACKAGE_BUGREPORT ""
| #define PACKAGE "c_icap_modules"
| #define VERSION "0.4.3"
| #define STDC_HEADERS 1
| #define HAVE_SYS_TYPES_H 1
| #define HAVE_SYS_STAT_H 1
| #define HAVE_STDLIB_H 1
| #define HAVE_STRING_H 1
| #define HAVE_MEMORY_H 1
| #define HAVE_STRINGS_H 1
| #define HAVE_INTTYPES_H 1
| #define HAVE_STDINT_H 1
| #define HAVE_UNISTD_H 1
| #define HAVE_DLFCN_H 1
| #define LT_OBJDIR ".libs/"
| /* end confdefs.h.  */
| /* Define shl_load to an innocuous variant, in case <limits.h> declares shl_load.
|    For example, HP-UX 11i <limits.h> declares gettimeofday.  */
| #define shl_load innocuous_shl_load
| 
| /* System header to define __stub macros and hopefully few prototypes,
|     which can conflict with char shl_load (); below.
|     Prefer <limits.h> to <assert.h> if __STDC__ is defined, since
|     <limits.h> exists even on freestanding compilers.  */
| 
| #ifdef __STDC__
| # include <limits.h>
| #else
| # include <assert.h>
| #endif
| 
| #undef shl_load
| 
| /* Override any GCC internal prototype to avoid an error.
|    Use char because int might match the return type of a GCC
|    builtin and then its argument prototype would still apply.  */
| #ifdef __cplusplus
| extern "C"
| #endif
| char shl_load ();
| /* The GNU C library defines this for functions which it implements
|     to always fail with ENOSYS.  Some functions are actually named
|     something starting with __ and the normal name is an alias.  */
| #if defined __stub_shl_load || defined __stub___shl_load
| choke me
| #endif
| 
| int
| main ()
| {
| return shl_load ();
|   ;
|   return 0;
| }
configure:11227: result: no
configure:11232: checking for shl_load in -ldld
configure:11267: gcc -o conftest -g -O2   conftest.c -ldld   >&5
/usr/bin/ld: cannot find -ldld
collect2: error: ld returned 1 exit status
configure:11274: $? = 1
configure: failed program was:
| /* confdefs.h.  */
| #define PACKAGE_NAME "c_icap_modules"
| #define PACKAGE_TARNAME "c_icap_modules"
| #define PACKAGE_VERSION "0.4.3"
| #define PACKAGE_STRING "c_icap_modules 0.4.3"
| #define PACKAGE_BUGREPORT ""
| #define PACKAGE "c_icap_modules"
| #define VERSION "0.4.3"
| #define STDC_HEADERS 1
| #define HAVE_SYS_TYPES_H 1
| #define HAVE_SYS_STAT_H 1
| #define HAVE_STDLIB_H 1
| #define HAVE_STRING_H 1
| #define HAVE_MEMORY_H 1
| #define HAVE_STRINGS_H 1
| #define HAVE_INTTYPES_H 1
| #define HAVE_STDINT_H 1
| #define HAVE_UNISTD_H 1
| #define HAVE_DLFCN_H 1
| #define LT_OBJDIR ".libs/"
| /* end confdefs.h.  */
| 
| /* Override any GCC internal prototype to avoid an error.
|    Use char because int might match the return type of a GCC
|    builtin and then its argument prototype would still apply.  */
| #ifdef __cplusplus
| extern "C"
| #endif
| char shl_load ();
| int
| main ()
| {
| return shl_load ();
|   ;
|   return 0;
| }
configure:11295: result: no
configure:11300: checking for dlopen
configure:11356: gcc -o conftest -g -O2   conftest.c  >&5
/tmp/cc5Gq6GG.o: In function `main':
/home/jaygong/c_icap_modules-0.4.3/conftest.c:56: undefined reference to `dlopen'
collect2: error: ld returned 1 exit status
configure:11363: $? = 1
configure: failed program was:
| /* confdefs.h.  */
| #define PACKAGE_NAME "c_icap_modules"
| #define PACKAGE_TARNAME "c_icap_modules"
| #define PACKAGE_VERSION "0.4.3"
| #define PACKAGE_STRING "c_icap_modules 0.4.3"
| #define PACKAGE_BUGREPORT ""
| #define PACKAGE "c_icap_modules"
| #define VERSION "0.4.3"
| #define STDC_HEADERS 1
| #define HAVE_SYS_TYPES_H 1
| #define HAVE_SYS_STAT_H 1
| #define HAVE_STDLIB_H 1
| #define HAVE_STRING_H 1
| #define HAVE_MEMORY_H 1
| #define HAVE_STRINGS_H 1
| #define HAVE_INTTYPES_H 1
| #define HAVE_STDINT_H 1
| #define HAVE_UNISTD_H 1
| #define HAVE_DLFCN_H 1
| #define LT_OBJDIR ".libs/"
| /* end confdefs.h.  */
| /* Define dlopen to an innocuous variant, in case <limits.h> declares dlopen.
|    For example, HP-UX 11i <limits.h> declares gettimeofday.  */
| #define dlopen innocuous_dlopen
| 
| /* System header to define __stub macros and hopefully few prototypes,
|     which can conflict with char dlopen (); below.
|     Prefer <limits.h> to <assert.h> if __STDC__ is defined, since
|     <limits.h> exists even on freestanding compilers.  */
| 
| #ifdef __STDC__
| # include <limits.h>
| #else
| # include <assert.h>
| #endif
| 
| #undef dlopen
| 
| /* Override any GCC internal prototype to avoid an error.
|    Use char because int might match the return type of a GCC
|    builtin and then its argument prototype would still apply.  */
| #ifdef __cplusplus
| extern "C"
| #endif
| char dlopen ();
| /* The GNU C library defines this for functions which it implements
|     to always fail with ENOSYS.  Some functions are actually named
|     something starting with __ and the normal name is an alias.  */
| #if defined __stub_dlopen || defined __stub___dlopen
| choke me
| #endif
| 
| int
| main ()
| {
| return dlopen ();
|   ;
|   return 0;
| }
configure:11383: result: no
configure:11388: checking for dlopen in -ldl
configure:11423: gcc -o conftest -g -O2   conftest.c -ldl   >&5
configure:11430: $? = 0
configure:11451: result: yes
configure:11628: checking whether a program can dlopen itself
configure:11698: gcc -o conftest -g -O2  -DHAVE_DLFCN_H  -Wl,--export-dynamic conftest.c -ldl  >&5
configure:11701: $? = 0
configure:11719: result: yes
configure:11724: checking whether a statically linked program can dlopen itself
configure:11794: gcc -o conftest -g -O2  -DHAVE_DLFCN_H  -Wl,--export-dynamic  conftest.c -ldl  >&5
configure:11797: $? = 0
configure:11815: result: yes
configure:11854: checking whether stripping libraries is possible
configure:11859: result: yes
configure:11894: checking if libtool supports shared libraries
configure:11896: result: yes
configure:11899: checking whether to build shared libraries
configure:11920: result: yes
configure:11923: checking whether to build static libraries
configure:11927: result: no
configure:11977: checking minix/config.h usability
configure:11994: gcc -c -g -O2  conftest.c >&5
conftest.c:55:26: fatal error: minix/config.h: No such file or directory
compilation terminated.
configure:12001: $? = 1
configure: failed program was:
| /* confdefs.h.  */
| #define PACKAGE_NAME "c_icap_modules"
| #define PACKAGE_TARNAME "c_icap_modules"
| #define PACKAGE_VERSION "0.4.3"
| #define PACKAGE_STRING "c_icap_modules 0.4.3"
| #define PACKAGE_BUGREPORT ""
| #define PACKAGE "c_icap_modules"
| #define VERSION "0.4.3"
| #define STDC_HEADERS 1
| #define HAVE_SYS_TYPES_H 1
| #define HAVE_SYS_STAT_H 1
| #define HAVE_STDLIB_H 1
| #define HAVE_STRING_H 1
| #define HAVE_MEMORY_H 1
| #define HAVE_STRINGS_H 1
| #define HAVE_INTTYPES_H 1
| #define HAVE_STDINT_H 1
| #define HAVE_UNISTD_H 1
| #define HAVE_DLFCN_H 1
| #define LT_OBJDIR ".libs/"
| /* end confdefs.h.  */
| #include <stdio.h>
| #ifdef HAVE_SYS_TYPES_H
| # include <sys/types.h>
| #endif
| #ifdef HAVE_SYS_STAT_H
| # include <sys/stat.h>
| #endif
| #ifdef STDC_HEADERS
| # include <stdlib.h>
| # include <stddef.h>
| #else
| # ifdef HAVE_STDLIB_H
| #  include <stdlib.h>
| # endif
| #endif
| #ifdef HAVE_STRING_H
| # if !defined STDC_HEADERS && defined HAVE_MEMORY_H
| #  include <memory.h>
| # endif
| # include <string.h>
| #endif
| #ifdef HAVE_STRINGS_H
| # include <strings.h>
| #endif
| #ifdef HAVE_INTTYPES_H
| # include <inttypes.h>
| #endif
| #ifdef HAVE_STDINT_H
| # include <stdint.h>
| #endif
| #ifdef HAVE_UNISTD_H
| # include <unistd.h>
| #endif
| #include <minix/config.h>
configure:12015: result: no
configure:12019: checking minix/config.h presence
configure:12034: gcc -E  conftest.c
conftest.c:22:26: fatal error: minix/config.h: No such file or directory
compilation terminated.
configure:12041: $? = 1
configure: failed program was:
| /* confdefs.h.  */
| #define PACKAGE_NAME "c_icap_modules"
| #define PACKAGE_TARNAME "c_icap_modules"
| #define PACKAGE_VERSION "0.4.3"
| #define PACKAGE_STRING "c_icap_modules 0.4.3"
| #define PACKAGE_BUGREPORT ""
| #define PACKAGE "c_icap_modules"
| #define VERSION "0.4.3"
| #define STDC_HEADERS 1
| #define HAVE_SYS_TYPES_H 1
| #define HAVE_SYS_STAT_H 1
| #define HAVE_STDLIB_H 1
| #define HAVE_STRING_H 1
| #define HAVE_MEMORY_H 1
| #define HAVE_STRINGS_H 1
| #define HAVE_INTTYPES_H 1
| #define HAVE_STDINT_H 1
| #define HAVE_UNISTD_H 1
| #define HAVE_DLFCN_H 1
| #define LT_OBJDIR ".libs/"
| /* end confdefs.h.  */
| #include <minix/config.h>
configure:12055: result: no
configure:12083: checking for minix/config.h
configure:12090: result: no
configure:12121: checking whether it is safe to define __EXTENSIONS__
configure:12149: gcc -c -g -O2  conftest.c >&5
configure:12156: $? = 0
configure:12171: result: yes
configure:12396: checking for inflate in -lz
configure:12431: gcc -o conftest -g -O2 -Wall -fvisibility=hidden -DCI_BUILD_MODULE -D_REENTRANT -g -O2 -Wall -D_FILE_OFFSET_BITS=64 -I/usr/local/c-icap/include -I/usr/local/c-icap/include/c_icap   conftest.c -lz   >&5
/usr/bin/ld: cannot find -lz
collect2: error: ld returned 1 exit status
configure:12438: $? = 1
configure: failed program was:
| /* confdefs.h.  */
| #define PACKAGE_NAME "c_icap_modules"
| #define PACKAGE_TARNAME "c_icap_modules"
| #define PACKAGE_VERSION "0.4.3"
| #define PACKAGE_STRING "c_icap_modules 0.4.3"
| #define PACKAGE_BUGREPORT ""
| #define PACKAGE "c_icap_modules"
| #define VERSION "0.4.3"
| #define STDC_HEADERS 1
| #define HAVE_SYS_TYPES_H 1
| #define HAVE_SYS_STAT_H 1
| #define HAVE_STDLIB_H 1
| #define HAVE_STRING_H 1
| #define HAVE_MEMORY_H 1
| #define HAVE_STRINGS_H 1
| #define HAVE_INTTYPES_H 1
| #define HAVE_STDINT_H 1
| #define HAVE_UNISTD_H 1
| #define HAVE_DLFCN_H 1
| #define LT_OBJDIR ".libs/"
| #define __EXTENSIONS__ 1
| #define _ALL_SOURCE 1
| #define _GNU_SOURCE 1
| #define _POSIX_PTHREAD_SEMANTICS 1
| #define _TANDEM_SOURCE 1
| /* end confdefs.h.  */
| 
| /* Override any GCC internal prototype to avoid an error.
|    Use char because int might match the return type of a GCC
|    builtin and then its argument prototype would still apply.  */
| #ifdef __cplusplus
| extern "C"
| #endif
| char inflate ();
| int
| main ()
| {
| return inflate ();
|   ;
|   return 0;
| }
configure:12459: result: no
configure:12475: WARNING: "zlib required for handling deflate encoded objects!"
configure:12588: checking for BZ2_bzDecompressInit in -lbz2
configure:12623: gcc -o conftest -g -O2 -Wall -fvisibility=hidden -DCI_BUILD_MODULE -D_REENTRANT -g -O2 -Wall -D_FILE_OFFSET_BITS=64 -I/usr/local/c-icap/include -I/usr/local/c-icap/include/c_icap   conftest.c -lbz2   >&5
/usr/bin/ld: cannot find -lbz2
collect2: error: ld returned 1 exit status
configure:12630: $? = 1
configure: failed program was:
| /* confdefs.h.  */
| #define PACKAGE_NAME "c_icap_modules"
| #define PACKAGE_TARNAME "c_icap_modules"
| #define PACKAGE_VERSION "0.4.3"
| #define PACKAGE_STRING "c_icap_modules 0.4.3"
| #define PACKAGE_BUGREPORT ""
| #define PACKAGE "c_icap_modules"
| #define VERSION "0.4.3"
| #define STDC_HEADERS 1
| #define HAVE_SYS_TYPES_H 1
| #define HAVE_SYS_STAT_H 1
| #define HAVE_STDLIB_H 1
| #define HAVE_STRING_H 1
| #define HAVE_MEMORY_H 1
| #define HAVE_STRINGS_H 1
| #define HAVE_INTTYPES_H 1
| #define HAVE_STDINT_H 1
| #define HAVE_UNISTD_H 1
| #define HAVE_DLFCN_H 1
| #define LT_OBJDIR ".libs/"
| #define __EXTENSIONS__ 1
| #define _ALL_SOURCE 1
| #define _GNU_SOURCE 1
| #define _POSIX_PTHREAD_SEMANTICS 1
| #define _TANDEM_SOURCE 1
| /* end confdefs.h.  */
| 
| /* Override any GCC internal prototype to avoid an error.
|    Use char because int might match the return type of a GCC
|    builtin and then its argument prototype would still apply.  */
| #ifdef __cplusplus
| extern "C"
| #endif
| char BZ2_bzDecompressInit ();
| int
| main ()
| {
| return BZ2_bzDecompressInit ();
|   ;
|   return 0;
| }
configure:12651: result: no
configure:12667: WARNING: "bzlib required for handling bzip2 encoded objects!"
configure:12694: checking for a working clamav library
configure:12716: gcc -o conftest  -g -O2 -Wall -fvisibility=hidden -DCI_BUILD_MODULE -D_REENTRANT -g -O2 -Wall -D_FILE_OFFSET_BITS=64 -I/usr/local/c-icap/include -I/usr/local/c-icap/include/c_icap   conftest.c  -lclamav  >&5
conftest.c:2:40: fatal error: clamav.h: No such file or directory
compilation terminated.
configure:12723: $? = 1
configure: failed program was:
| 
|                     #include <clamav.h>
|                     int main(){
|                          char *s = cl_retver();
|                          return 0;
|                     }
| 
configure:12737: result: no
configure:12972: gcc -o conftest -g -O2 -Wall -fvisibility=hidden -DCI_BUILD_MODULE -D_REENTRANT -g -O2 -Wall -D_FILE_OFFSET_BITS=64 -I/usr/local/c-icap/include -I/usr/local/c-icap/include/c_icap   conftest.c -ldb  >&5
configure:12979: $? = 0
configure:13147: checking if fds can send through unix sockets
configure:13183: gcc -c -g -O2 -Wall -fvisibility=hidden -DCI_BUILD_MODULE -D_REENTRANT -g -O2 -Wall -D_FILE_OFFSET_BITS=64 -I/usr/local/c-icap/include -I/usr/local/c-icap/include/c_icap  conftest.c >&5
conftest.c: In function 'main':
conftest.c:37:11: warning: 'main' is normally a non-static function [-Wmain]
       int main(int argc, char **argv) {
           ^
conftest.c: In function 'main':
conftest.c:39:29: warning: variable 'cmh' set but not used [-Wunused-but-set-variable]
              struct cmsghdr cmh;
                             ^
conftest.c:38:28: warning: variable 'mh' set but not used [-Wunused-but-set-variable]
              struct msghdr mh;
                            ^
configure:13190: $? = 0
configure:13200: result: yes
configure:13213: checking for ANSI C header files
configure:13381: result: yes
configure:13407: checking ctype.h usability
configure:13424: gcc -c -g -O2 -Wall -fvisibility=hidden -DCI_BUILD_MODULE -D_REENTRANT -g -O2 -Wall -D_FILE_OFFSET_BITS=64 -I/usr/local/c-icap/include -I/usr/local/c-icap/include/c_icap  conftest.c >&5
configure:13431: $? = 0
configure:13445: result: yes
configure:13449: checking ctype.h presence
configure:13464: gcc -E  conftest.c
configure:13471: $? = 0
configure:13485: result: yes
configure:13513: checking for ctype.h
configure:13522: result: yes
configure:13542: checking for strcasestr
configure:13598: gcc -o conftest -g -O2 -Wall -fvisibility=hidden -DCI_BUILD_MODULE -D_REENTRANT -g -O2 -Wall -D_FILE_OFFSET_BITS=64 -I/usr/local/c-icap/include -I/usr/local/c-icap/include/c_icap   conftest.c  >&5
configure:13605: $? = 0
configure:13627: result: yes
configure:13834: creating ./config.status

## ---------------------- ##
## Running config.status. ##
## ---------------------- ##

This file was extended by c_icap_modules config.status 0.4.3, which was
generated by GNU Autoconf 2.63.  Invocation command line was

  CONFIG_FILES    = 
  CONFIG_HEADERS  = 
  CONFIG_LINKS    = 
  CONFIG_COMMANDS = 
  $ ./config.status 

on centos

config.status:1031: creating Makefile
config.status:1031: creating services/Makefile
config.status:1031: creating services/webmail_parser/Makefile
config.status:1031: creating services/virus_scan/Makefile
config.status:1031: creating services/url_check/Makefile
config.status:1031: creating services/content_filtering/Makefile
config.status:1031: creating modules/Makefile
config.status:1031: creating autoconf.h
config.status:1253: autoconf.h is unchanged
config.status:1305: executing depfiles commands
config.status:1305: executing libtool commands

## ---------------- ##
## Cache variables. ##
## ---------------- ##

ac_cv_build=x86_64-unknown-linux-gnu
ac_cv_c_bigendian=no
ac_cv_c_compiler_gnu=yes
ac_cv_env_CC_set=
ac_cv_env_CC_value=
ac_cv_env_CFLAGS_set=
ac_cv_env_CFLAGS_value=
ac_cv_env_CPPFLAGS_set=
ac_cv_env_CPPFLAGS_value=
ac_cv_env_CPP_set=
ac_cv_env_CPP_value=
ac_cv_env_LDFLAGS_set=
ac_cv_env_LDFLAGS_value=
ac_cv_env_LIBS_set=
ac_cv_env_LIBS_value=
ac_cv_env_build_alias_set=
ac_cv_env_build_alias_value=
ac_cv_env_host_alias_set=
ac_cv_env_host_alias_value=
ac_cv_env_target_alias_set=
ac_cv_env_target_alias_value=
ac_cv_func_dlopen=no
ac_cv_func_shl_load=no
ac_cv_func_strcasestr=yes
ac_cv_header_ctype_h=yes
ac_cv_header_dlfcn_h=yes
ac_cv_header_inttypes_h=yes
ac_cv_header_memory_h=yes
ac_cv_header_minix_config_h=no
ac_cv_header_stdc=yes
ac_cv_header_stdint_h=yes
ac_cv_header_stdlib_h=yes
ac_cv_header_string_h=yes
ac_cv_header_strings_h=yes
ac_cv_header_sys_stat_h=yes
ac_cv_header_sys_types_h=yes
ac_cv_header_unistd_h=yes
ac_cv_host=x86_64-unknown-linux-gnu
ac_cv_lib_bz2_BZ2_bzDecompressInit=no
ac_cv_lib_dl_dlopen=yes
ac_cv_lib_dld_shl_load=no
ac_cv_lib_z_inflate=no
ac_cv_objext=o
ac_cv_path_EGREP='/bin/grep -E'
ac_cv_path_FGREP='/bin/grep -F'
ac_cv_path_GREP=/bin/grep
ac_cv_path_SED=/bin/sed
ac_cv_path_install='/usr/bin/install -c'
ac_cv_path_mkdir=/bin/mkdir
ac_cv_prog_AWK=gawk
ac_cv_prog_CPP='gcc -E'
ac_cv_prog_ac_ct_AR=ar
ac_cv_prog_ac_ct_CC=gcc
ac_cv_prog_ac_ct_OBJDUMP=objdump
ac_cv_prog_ac_ct_RANLIB=ranlib
ac_cv_prog_ac_ct_STRIP=strip
ac_cv_prog_cc_c89=
ac_cv_prog_cc_g=yes
ac_cv_prog_cc_gcc_c_o=yes
ac_cv_prog_make_make_set=yes
ac_cv_safe_to_define___extensions__=yes
am_cv_CC_dependencies_compiler_type=gcc3
lt_cv_deplibs_check_method=pass_all
lt_cv_dlopen=dlopen
lt_cv_dlopen_libs=-ldl
lt_cv_dlopen_self=yes
lt_cv_dlopen_self_static=yes
lt_cv_file_magic_cmd='$MAGIC_CMD'
lt_cv_file_magic_test_file=
lt_cv_ld_reload_flag=-r
lt_cv_nm_interface='BSD nm'
lt_cv_objdir=.libs
lt_cv_path_LD=/usr/bin/ld
lt_cv_path_NM='/usr/bin/nm -B'
lt_cv_prog_compiler_c_o=yes
lt_cv_prog_compiler_pic_works=yes
lt_cv_prog_compiler_rtti_exceptions=no
lt_cv_prog_compiler_static_works=no
lt_cv_prog_gnu_ld=yes
lt_cv_sys_global_symbol_pipe='sed -n -e '\''s/^.*[	 ]\([ABCDGIRSTW][ABCDGIRSTW]*\)[	 ][	 ]*\([_A-Za-z][_A-Za-z0-9]*\)$/\1 \2 \2/p'\'''
lt_cv_sys_global_symbol_to_c_name_address='sed -n -e '\''s/^: \([^ ]*\) $/  {\"\1\", (void *) 0},/p'\'' -e '\''s/^[ABCDGIRSTW]* \([^ ]*\) \([^ ]*\)$/  {"\2", (void *) \&\2},/p'\'''
lt_cv_sys_global_symbol_to_c_name_address_lib_prefix='sed -n -e '\''s/^: \([^ ]*\) $/  {\"\1\", (void *) 0},/p'\'' -e '\''s/^[ABCDGIRSTW]* \([^ ]*\) \(lib[^ ]*\)$/  {"\2", (void *) \&\2},/p'\'' -e '\''s/^[ABCDGIRSTW]* \([^ ]*\) \([^ ]*\)$/  {"lib\2", (void *) \&\2},/p'\'''
lt_cv_sys_global_symbol_to_cdecl='sed -n -e '\''s/^T .* \(.*\)$/extern int \1();/p'\'' -e '\''s/^[ABCDGIRSTW]* .* \(.*\)$/extern char \1;/p'\'''
lt_cv_sys_max_cmd_len=1966080

## ----------------- ##
## Output variables. ##
## ----------------- ##

ACLOCAL='${SHELL} /home/jaygong/c_icap_modules-0.4.3/missing --run aclocal-1.11'
AMDEPBACKSLASH='\'
AMDEP_FALSE='#'
AMDEP_TRUE=''
AMTAR='${SHELL} /home/jaygong/c_icap_modules-0.4.3/missing --run tar'
AR='ar'
AS='as'
AUTOCONF='${SHELL} /home/jaygong/c_icap_modules-0.4.3/missing --run autoconf'
AUTOHEADER='${SHELL} /home/jaygong/c_icap_modules-0.4.3/missing --run autoheader'
AUTOMAKE='${SHELL} /home/jaygong/c_icap_modules-0.4.3/missing --run automake-1.11'
AWK='gawk'
BDB_ADD_FLAG=''
BDB_ADD_LDADD=' -ldb'
BZLIB_ADD_FLAG=''
BZLIB_ADD_LDADD=''
CC='gcc'
CCDEPMODE='depmode=gcc3'
CFLAGS='-g -O2 -Wall -fvisibility=hidden -DCI_BUILD_MODULE -D_REENTRANT -g -O2 -Wall -D_FILE_OFFSET_BITS=64 -I/usr/local/c-icap/include -I/usr/local/c-icap/include/c_icap'
CICAPMODULESDIR_FALSE='#'
CICAPMODULESDIR_TRUE=''
CONFDIR='/usr/local/c-icap/etc/'
CPP='gcc -E'
CPPFLAGS=''
CYGPATH_W='echo'
DATADIR='/usr/local/c-icap/share/c_icap/'
DEFS='-DHAVE_CONFIG_H'
DEPDIR='.deps'
DLLTOOL='dlltool'
DSYMUTIL=''
DUMPBIN=''
ECHO_C=''
ECHO_N='-n'
ECHO_T=''
EGREP='/bin/grep -E'
EXEEXT=''
FGREP='/bin/grep -F'
GREP='/bin/grep'
INSTALL_DATA='${INSTALL} -m 644'
INSTALL_PROGRAM='${INSTALL}'
INSTALL_SCRIPT='${INSTALL}'
INSTALL_STRIP_PROGRAM='$(install_sh) -c -s'
LD='/usr/bin/ld -m elf_x86_64'
LDFLAGS=''
LIBOBJS=''
LIBS=''
LIBTOOL='$(SHELL) $(top_builddir)/libtool'
LIBTOOL_DEPS='./ltmain.sh'
LIPO=''
LN_S='ln -s'
LTLIBOBJS=''
MAINT='#'
MAINTAINER_MODE_FALSE=''
MAINTAINER_MODE_TRUE='#'
MAKEINFO='${SHELL} /home/jaygong/c_icap_modules-0.4.3/missing --run makeinfo'
MKDIR_P='/bin/mkdir -p'
MODSDIR='/usr/local/c-icap/lib/c_icap/'
MODULES_LIBADD=''
NM='/usr/bin/nm -B'
NMEDIT=''
OBJDUMP='objdump'
OBJEXT='o'
OTOOL64=''
OTOOL=''
PACKAGE='c_icap_modules'
PACKAGE_BUGREPORT=''
PACKAGE_NAME='c_icap_modules'
PACKAGE_STRING='c_icap_modules 0.4.3'
PACKAGE_TARNAME='c_icap_modules'
PACKAGE_VERSION='0.4.3'
PATH_SEPARATOR=':'
RANLIB='ranlib'
SED='/bin/sed'
SET_MAKE=''
SHELL='/bin/sh'
STRIP='strip'
USEBDB_FALSE='#'
USEBDB_TRUE=''
USECLAMAV_FALSE=''
USECLAMAV_TRUE='#'
USE_VSCAN_PROFILES_FALSE=''
USE_VSCAN_PROFILES_TRUE='#'
UTILITIES_CFLAGS='-D_REENTRANT -g -O2 -Wall -D_FILE_OFFSET_BITS=64 -I/usr/local/c-icap/include -I/usr/local/c-icap/include/c_icap'
UTILITIES_LIBADD='-L/usr/local/c-icap/lib/ -licapapi'
VERSION='0.4.3'
ZLIB_ADD_FLAG=''
ZLIB_ADD_LDADD=''
ac_ct_CC='gcc'
ac_ct_DUMPBIN=''
am__EXEEXT_FALSE=''
am__EXEEXT_TRUE='#'
am__fastdepCC_FALSE='#'
am__fastdepCC_TRUE=''
am__include='include'
am__isrc=''
am__leading_dot='.'
am__quote=''
am__tar='${AMTAR} chof - "$$tardir"'
am__untar='${AMTAR} xf -'
bindir='${exec_prefix}/bin'
build='x86_64-unknown-linux-gnu'
build_alias=''
build_cpu='x86_64'
build_os='linux-gnu'
build_vendor='unknown'
clamavinc=''
clamavlib=''
datadir='${datarootdir}'
datarootdir='${prefix}/share'
docdir='${datarootdir}/doc/${PACKAGE_TARNAME}'
dvidir='${docdir}'
exec_prefix='${prefix}'
host='x86_64-unknown-linux-gnu'
host_alias=''
host_cpu='x86_64'
host_os='linux-gnu'
host_vendor='unknown'
htmldir='${docdir}'
includedir='${prefix}/include'
infodir='${datarootdir}/info'
install_sh='${SHELL} /home/jaygong/c_icap_modules-0.4.3/install-sh'
libdir='${exec_prefix}/lib'
libexecdir='${exec_prefix}/libexec'
localedir='${datarootdir}/locale'
localstatedir='${prefix}/var'
lt_ECHO='echo'
mandir='${datarootdir}/man'
mkdir_p='/bin/mkdir -p'
oldincludedir='/usr/include'
pdfdir='${docdir}'
prefix='/usr/local/c-icap'
program_transform_name='s,x,x,'
psdir='${docdir}'
sbindir='${exec_prefix}/sbin'
sharedstatedir='${prefix}/com'
sysconfdir='${prefix}/etc'
target_alias=''

## ----------- ##
## confdefs.h. ##
## ----------- ##

#define PACKAGE_NAME "c_icap_modules"
#define PACKAGE_TARNAME "c_icap_modules"
#define PACKAGE_VERSION "0.4.3"
#define PACKAGE_STRING "c_icap_modules 0.4.3"
#define PACKAGE_BUGREPORT ""
#define PACKAGE "c_icap_modules"
#define VERSION "0.4.3"
#define STDC_HEADERS 1
#define HAVE_SYS_TYPES_H 1
#define HAVE_SYS_STAT_H 1
#define HAVE_STDLIB_H 1
#define HAVE_STRING_H 1
#define HAVE_MEMORY_H 1
#define HAVE_STRINGS_H 1
#define HAVE_INTTYPES_H 1
#define HAVE_STDINT_H 1
#define HAVE_UNISTD_H 1
#define HAVE_DLFCN_H 1
#define LT_OBJDIR ".libs/"
#define __EXTENSIONS__ 1
#define _ALL_SOURCE 1
#define _GNU_SOURCE 1
#define _POSIX_PTHREAD_SEMANTICS 1
#define _TANDEM_SOURCE 1
#define HAVE_BDB 1
#define HAVE_FD_PASSING 1
#define STDC_HEADERS 1
#define HAVE_CTYPE_H 1
#define HAVE_STRCASESTR 1
#define HAVE_STRCASESTR 1

configure: exit 0
